<?xml version="1.0" encoding="UTF-8"?>
<!-- Generated by org.testng.reporters.JUnitReportReporter -->
<testsuite hostname="LAPTOP-OEBBQQBQ" failures="0" tests="1" name="selenium.test3" time="18.242" errors="0" timestamp="2022-02-13T23:52:16 IST" skipped="0">
  <testcase classname="selenium.test3" name="tittletest" time="18.242"/>
  <system-out/>
</testsuite> <!-- selenium.test3 -->
