<?xml version="1.0" encoding="UTF-8"?>
<!-- Generated by org.testng.reporters.JUnitReportReporter -->
<testsuite hostname="LAPTOP-OEBBQQBQ" failures="0" tests="2" name="test3.test" time="14.696" errors="0" timestamp="2022-03-21T12:27:12 IST" skipped="0">
  <testcase classname="test3.test" name="logotestt" time="7.908"/>
  <system-out/>
  <testcase classname="test3.test" name="tittletest" time="6.788"/>
  <system-out/>
</testsuite> <!-- test3.test -->
