<?xml version="1.0" encoding="UTF-8"?>
<!-- Generated by org.testng.reporters.JUnitReportReporter -->
<testsuite hostname="LAPTOP-OEBBQQBQ" failures="0" tests="1" name="test3.test3" time="23.239" errors="0" timestamp="2022-03-18T13:17:09 IST" skipped="0">
  <testcase classname="test3.test3" name="tittletest" time="23.239"/>
  <system-out/>
</testsuite> <!-- test3.test3 -->
